
No rebuild required (use rebuild = TRUE to force a rebuild)


No rebuild required (use rebuild = TRUE to force a rebuild)

[1] "2020-04-04 23:32:15 BST"
1: R0 = 3.26044660116393
Background...
Background + 0% Sports...
Background + 25% Leisure...
2: R0 = 2.01494818798272
Background...
Background + 0% Sports...
Background + 25% Leisure...
3: R0 = 2.56678063560151
Background...
Background + 0% Sports...
Background + 25% Leisure...
4: R0 = 2.62267317062699
Background...
Background + 0% Sports...
Background + 25% Leisure...
5: R0 = 2.68651581109931
Background...
Background + 0% Sports...
Background + 25% Leisure...
6: R0 = 2.01855128935596
Background...
Background + 0% Sports...
Background + 25% Leisure...
7: R0 = 3.01634478103527
Background...
Background + 0% Sports...
Background + 25% Leisure...
8: R0 = 1.63742339533945
Background...
Background + 0% Sports...
Background + 25% Leisure...
9: R0 = 3.04126249976926
Background...
Background + 0% Sports...
Background + 25% Leisure...
10: R0 = 2.66169508359814
Background...
Background + 0% Sports...
Background + 25% Leisure...
11: R0 = 3.88004232346552
Background...
Background + 0% Sports...
Background + 25% Leisure...
12: R0 = 1.82958625288466
Background...
Background + 0% Sports...
Background + 25% Leisure...
13: R0 = 2.61412635831915
Background...
Background + 0% Sports...
Background + 25% Leisure...
14: R0 = 1.99259498180561
Background...
Background + 0% Sports...
Background + 25% Leisure...
15: R0 = 2.47314560569551
Background...
Background + 0% Sports...
Background + 25% Leisure...
16: R0 = 2.72038422297602
Background...
Background + 0% Sports...
Background + 25% Leisure...
17: R0 = 3.77726207969573
Background...
Background + 0% Sports...
Background + 25% Leisure...
18: R0 = 2.52564631702216
Background...
Background + 0% Sports...
Background + 25% Leisure...
19: R0 = 4.18452467200262
Background...
Background + 0% Sports...
Background + 25% Leisure...
20: R0 = 2.63801732728232
Background...
Background + 0% Sports...
Background + 25% Leisure...
21: R0 = 3.02490687900821
Background...
Background + 0% Sports...
Background + 25% Leisure...
22: R0 = 3.33093778239106
Background...
Background + 0% Sports...
Background + 25% Leisure...
23: R0 = 2.62430870407367
Background...
Background + 0% Sports...
Background + 25% Leisure...
24: R0 = 2.5330313068615
Background...
Background + 0% Sports...
Background + 25% Leisure...
25: R0 = 2.13746744107325
Background...
Background + 0% Sports...
Background + 25% Leisure...
26: R0 = 2.46540390718207
Background...
Background + 0% Sports...
Background + 25% Leisure...
27: R0 = 2.95569653480257
Background...
Background + 0% Sports...
Background + 25% Leisure...
28: R0 = 2.84371413748367
Background...
Background + 0% Sports...
Background + 25% Leisure...
29: R0 = 4.95775152775632
Background...
Background + 0% Sports...
Background + 25% Leisure...
30: R0 = 2.42651488560003
Background...
Background + 0% Sports...
Background + 25% Leisure...
31: R0 = 3.12924608843015
Background...
Background + 0% Sports...
Background + 25% Leisure...
32: R0 = 2.763787930999
Background...
Background + 0% Sports...
Background + 25% Leisure...
33: R0 = 2.33754953109252
Background...
Background + 0% Sports...
Background + 25% Leisure...
34: R0 = 2.64723515070829
Background...
Background + 0% Sports...
Background + 25% Leisure...
35: R0 = 2.18476388529788
Background...
Background + 0% Sports...
Background + 25% Leisure...
36: R0 = 2.76094667378554
Background...
Background + 0% Sports...
Background + 25% Leisure...
37: R0 = 1.81194682776163
Background...
Background + 0% Sports...
Background + 25% Leisure...
38: R0 = 2.93766754497909
Background...
Background + 0% Sports...
Background + 25% Leisure...
39: R0 = 2.16266808879315
Background...
Background + 0% Sports...
Background + 25% Leisure...
40: R0 = 2.84546220736852
Background...
Background + 0% Sports...
Background + 25% Leisure...
41: R0 = 3.48217900836603
Background...
Background + 0% Sports...
Background + 25% Leisure...
42: R0 = 2.34255186606176
Background...
Background + 0% Sports...
Background + 25% Leisure...
43: R0 = 3.27140906844888
Background...
Background + 0% Sports...
Background + 25% Leisure...
44: R0 = 3.07388604242832
Background...
Background + 0% Sports...
Background + 25% Leisure...
45: R0 = 1.90998927099924
Background...
Background + 0% Sports...
Background + 25% Leisure...
46: R0 = 2.95555814189842
Background...
Background + 0% Sports...
Background + 25% Leisure...
47: R0 = 2.10506302350642
Background...
Background + 0% Sports...
Background + 25% Leisure...
48: R0 = 2.93741417827882
Background...
Background + 0% Sports...
Background + 25% Leisure...
49: R0 = 2.83795785954773
Background...
Background + 0% Sports...
Background + 25% Leisure...
50: R0 = 2.48972166306948
Background...
Background + 0% Sports...
Background + 25% Leisure...
[1] "2020-04-05 11:49:13 BST"
