
No rebuild required (use rebuild = TRUE to force a rebuild)


No rebuild required (use rebuild = TRUE to force a rebuild)

[1] "2020-04-04 23:27:59 BST"
1: R0 = 3.26044660116393
School Closures...
Social Distancing...
Elderly Shielding...
Self-Isolation...
Combination...
2: R0 = 2.01494818798272
School Closures...
Social Distancing...
Elderly Shielding...
Self-Isolation...
Combination...
3: R0 = 2.56678063560151
School Closures...
Social Distancing...
Elderly Shielding...
Self-Isolation...
Combination...
4: R0 = 2.62267317062699
School Closures...
Social Distancing...
Elderly Shielding...
Self-Isolation...
Combination...
5: R0 = 2.68651581109931
School Closures...
Social Distancing...
Elderly Shielding...
Self-Isolation...
Combination...
6: R0 = 2.01855128935596
School Closures...
Social Distancing...
Elderly Shielding...
Self-Isolation...
Combination...
7: R0 = 3.01634478103527
School Closures...
Social Distancing...
Elderly Shielding...
Self-Isolation...
Combination...
8: R0 = 1.63742339533945
School Closures...
Social Distancing...
Elderly Shielding...
Self-Isolation...
Combination...
9: R0 = 3.04126249976926
School Closures...
Social Distancing...
Elderly Shielding...
Self-Isolation...
Combination...
10: R0 = 2.66169508359814
School Closures...
Social Distancing...
Elderly Shielding...
Self-Isolation...
Combination...
11: R0 = 3.88004232346552
School Closures...
Social Distancing...
Elderly Shielding...
Self-Isolation...
Combination...
12: R0 = 1.82958625288466
School Closures...
Social Distancing...
Elderly Shielding...
Self-Isolation...
Combination...
13: R0 = 2.61412635831915
School Closures...
Social Distancing...
Elderly Shielding...
Self-Isolation...
Combination...
14: R0 = 1.99259498180561
School Closures...
Social Distancing...
Elderly Shielding...
Self-Isolation...
Combination...
15: R0 = 2.47314560569551
School Closures...
Social Distancing...
Elderly Shielding...
Self-Isolation...
Combination...
16: R0 = 2.72038422297602
School Closures...
Social Distancing...
Elderly Shielding...
Self-Isolation...
Combination...
17: R0 = 3.77726207969573
School Closures...
Social Distancing...
Elderly Shielding...
Self-Isolation...
Combination...
18: R0 = 2.52564631702216
School Closures...
Social Distancing...
Elderly Shielding...
Self-Isolation...
Combination...
19: R0 = 4.18452467200262
School Closures...
Social Distancing...
Elderly Shielding...
Self-Isolation...
Combination...
20: R0 = 2.63801732728232
School Closures...
Social Distancing...
Elderly Shielding...
Self-Isolation...
Combination...
21: R0 = 3.02490687900821
School Closures...
Social Distancing...
Elderly Shielding...
Self-Isolation...
Combination...
22: R0 = 3.33093778239106
School Closures...
Social Distancing...
Elderly Shielding...
Self-Isolation...
Combination...
23: R0 = 2.62430870407367
School Closures...
Social Distancing...
Elderly Shielding...
Self-Isolation...
Combination...
24: R0 = 2.5330313068615
School Closures...
Social Distancing...
Elderly Shielding...
Self-Isolation...
Combination...
25: R0 = 2.13746744107325
School Closures...
Social Distancing...
Elderly Shielding...
Self-Isolation...
Combination...
26: R0 = 2.46540390718207
School Closures...
Social Distancing...
Elderly Shielding...
Self-Isolation...
Combination...
27: R0 = 2.95569653480257
School Closures...
Social Distancing...
Elderly Shielding...
Self-Isolation...
Combination...
28: R0 = 2.84371413748367
School Closures...
Social Distancing...
Elderly Shielding...
Self-Isolation...
Combination...
29: R0 = 4.95775152775632
School Closures...
Social Distancing...
Elderly Shielding...
Self-Isolation...
Combination...
30: R0 = 2.42651488560003
School Closures...
Social Distancing...
Elderly Shielding...
Self-Isolation...
Combination...
31: R0 = 3.12924608843015
School Closures...
Social Distancing...
Elderly Shielding...
Self-Isolation...
Combination...
32: R0 = 2.763787930999
School Closures...
Social Distancing...
Elderly Shielding...
Self-Isolation...
Combination...
33: R0 = 2.33754953109252
School Closures...
Social Distancing...
Elderly Shielding...
Self-Isolation...
Combination...
34: R0 = 2.64723515070829
School Closures...
Social Distancing...
Elderly Shielding...
Self-Isolation...
Combination...
35: R0 = 2.18476388529788
School Closures...
Social Distancing...
Elderly Shielding...
Self-Isolation...
Combination...
36: R0 = 2.76094667378554
School Closures...
Social Distancing...
Elderly Shielding...
Self-Isolation...
Combination...
37: R0 = 1.81194682776163
School Closures...
Social Distancing...
Elderly Shielding...
Self-Isolation...
Combination...
38: R0 = 2.93766754497909
School Closures...
Social Distancing...
Elderly Shielding...
Self-Isolation...
Combination...
39: R0 = 2.16266808879315
School Closures...
Social Distancing...
Elderly Shielding...
Self-Isolation...
Combination...
40: R0 = 2.84546220736852
School Closures...
Social Distancing...
Elderly Shielding...
Self-Isolation...
Combination...
41: R0 = 3.48217900836603
School Closures...
Social Distancing...
Elderly Shielding...
Self-Isolation...
Combination...
42: R0 = 2.34255186606176
School Closures...
Social Distancing...
Elderly Shielding...
Self-Isolation...
Combination...
43: R0 = 3.27140906844888
School Closures...
Social Distancing...
Elderly Shielding...
Self-Isolation...
Combination...
44: R0 = 3.07388604242832
School Closures...
Social Distancing...
Elderly Shielding...
Self-Isolation...
Combination...
45: R0 = 1.90998927099924
School Closures...
Social Distancing...
Elderly Shielding...
Self-Isolation...
Combination...
46: R0 = 2.95555814189842
School Closures...
Social Distancing...
Elderly Shielding...
Self-Isolation...
Combination...
47: R0 = 2.10506302350642
School Closures...
Social Distancing...
Elderly Shielding...
Self-Isolation...
Combination...
48: R0 = 2.93741417827882
School Closures...
Social Distancing...
Elderly Shielding...
Self-Isolation...
Combination...
49: R0 = 2.83795785954773
School Closures...
Social Distancing...
Elderly Shielding...
Self-Isolation...
Combination...
50: R0 = 2.48972166306948
School Closures...
Social Distancing...
Elderly Shielding...
Self-Isolation...
Combination...
[1] "2020-04-06 11:06:24 BST"
