
No rebuild required (use rebuild = TRUE to force a rebuild)


No rebuild required (use rebuild = TRUE to force a rebuild)

[1] "2020-04-04 23:28:24 BST"
1: R0 = 3.26044660116393
Intensive...
Intensive + School...
Intensive + School + G20...
Intensive + School + G50...
Intensive + School + G100...
2: R0 = 2.01494818798272
Intensive...
Intensive + School...
Intensive + School + G20...
Intensive + School + G50...
Intensive + School + G100...
3: R0 = 2.56678063560151
Intensive...
Intensive + School...
Intensive + School + G20...
Intensive + School + G50...
Intensive + School + G100...
4: R0 = 2.62267317062699
Intensive...
Intensive + School...
Intensive + School + G20...
Intensive + School + G50...
Intensive + School + G100...
5: R0 = 2.68651581109931
Intensive...
Intensive + School...
Intensive + School + G20...
Intensive + School + G50...
Intensive + School + G100...
6: R0 = 2.01855128935596
Intensive...
Intensive + School...
Intensive + School + G20...
Intensive + School + G50...
Intensive + School + G100...
7: R0 = 3.01634478103527
Intensive...
Intensive + School...
Intensive + School + G20...
Intensive + School + G50...
Intensive + School + G100...
8: R0 = 1.63742339533945
Intensive...
Intensive + School...
Intensive + School + G20...
Intensive + School + G50...
Intensive + School + G100...
9: R0 = 3.04126249976926
Intensive...
Intensive + School...
Intensive + School + G20...
Intensive + School + G50...
Intensive + School + G100...
10: R0 = 2.66169508359814
Intensive...
Intensive + School...
Intensive + School + G20...
Intensive + School + G50...
Intensive + School + G100...
11: R0 = 3.88004232346552
Intensive...
Intensive + School...
Intensive + School + G20...
Intensive + School + G50...
Intensive + School + G100...
12: R0 = 1.82958625288466
Intensive...
Intensive + School...
Intensive + School + G20...
Intensive + School + G50...
Intensive + School + G100...
13: R0 = 2.61412635831915
Intensive...
Intensive + School...
Intensive + School + G20...
Intensive + School + G50...
Intensive + School + G100...
14: R0 = 1.99259498180561
Intensive...
Intensive + School...
Intensive + School + G20...
Intensive + School + G50...
Intensive + School + G100...
15: R0 = 2.47314560569551
Intensive...
Intensive + School...
Intensive + School + G20...
Intensive + School + G50...
Intensive + School + G100...
16: R0 = 2.72038422297602
Intensive...
Intensive + School...
Intensive + School + G20...
Intensive + School + G50...
Intensive + School + G100...
17: R0 = 3.77726207969573
Intensive...
Intensive + School...
Intensive + School + G20...
Intensive + School + G50...
Intensive + School + G100...
18: R0 = 2.52564631702216
Intensive...
Intensive + School...
Intensive + School + G20...
Intensive + School + G50...
Intensive + School + G100...
19: R0 = 4.18452467200262
Intensive...
Intensive + School...
Intensive + School + G20...
Intensive + School + G50...
Intensive + School + G100...
20: R0 = 2.63801732728232
Intensive...
Intensive + School...
Intensive + School + G20...
Intensive + School + G50...
Intensive + School + G100...
21: R0 = 3.02490687900821
Intensive...
Intensive + School...
Intensive + School + G20...
Intensive + School + G50...
Intensive + School + G100...
22: R0 = 3.33093778239106
Intensive...
Intensive + School...
Intensive + School + G20...
Intensive + School + G50...
Intensive + School + G100...
23: R0 = 2.62430870407367
Intensive...
Intensive + School...
Intensive + School + G20...
Intensive + School + G50...
Intensive + School + G100...
24: R0 = 2.5330313068615
Intensive...
Intensive + School...
Intensive + School + G20...
Intensive + School + G50...
Intensive + School + G100...
25: R0 = 2.13746744107325
Intensive...
Intensive + School...
Intensive + School + G20...
Intensive + School + G50...
Intensive + School + G100...
26: R0 = 2.46540390718207
Intensive...
Intensive + School...
Intensive + School + G20...
Intensive + School + G50...
Intensive + School + G100...
27: R0 = 2.95569653480257
Intensive...
Intensive + School...
Intensive + School + G20...
Intensive + School + G50...
Intensive + School + G100...
28: R0 = 2.84371413748367
Intensive...
Intensive + School...
Intensive + School + G20...
Intensive + School + G50...
Intensive + School + G100...
29: R0 = 4.95775152775632
Intensive...
Intensive + School...
Intensive + School + G20...
Intensive + School + G50...
Intensive + School + G100...
30: R0 = 2.42651488560003
Intensive...
Intensive + School...
Intensive + School + G20...
Intensive + School + G50...
Intensive + School + G100...
31: R0 = 3.12924608843015
Intensive...
Intensive + School...
Intensive + School + G20...
Intensive + School + G50...
Intensive + School + G100...
32: R0 = 2.763787930999
Intensive...
Intensive + School...
Intensive + School + G20...
Intensive + School + G50...
Intensive + School + G100...
33: R0 = 2.33754953109252
Intensive...
Intensive + School...
Intensive + School + G20...
Intensive + School + G50...
Intensive + School + G100...
34: R0 = 2.64723515070829
Intensive...
Intensive + School...
Intensive + School + G20...
Intensive + School + G50...
Intensive + School + G100...
35: R0 = 2.18476388529788
Intensive...
Intensive + School...
Intensive + School + G20...
Intensive + School + G50...
Intensive + School + G100...
36: R0 = 2.76094667378554
Intensive...
Intensive + School...
Intensive + School + G20...
Intensive + School + G50...
Intensive + School + G100...
37: R0 = 1.81194682776163
Intensive...
Intensive + School...
Intensive + School + G20...
Intensive + School + G50...
Intensive + School + G100...
38: R0 = 2.93766754497909
Intensive...
Intensive + School...
Intensive + School + G20...
Intensive + School + G50...
Intensive + School + G100...
39: R0 = 2.16266808879315
Intensive...
Intensive + School...
Intensive + School + G20...
Intensive + School + G50...
Intensive + School + G100...
40: R0 = 2.84546220736852
Intensive...
Intensive + School...
Intensive + School + G20...
Intensive + School + G50...
Intensive + School + G100...
41: R0 = 3.48217900836603
Intensive...
Intensive + School...
Intensive + School + G20...
Intensive + School + G50...
Intensive + School + G100...
42: R0 = 2.34255186606176
Intensive...
Intensive + School...
Intensive + School + G20...
Intensive + School + G50...
Intensive + School + G100...
43: R0 = 3.27140906844888
Intensive...
Intensive + School...
Intensive + School + G20...
Intensive + School + G50...
Intensive + School + G100...
44: R0 = 3.07388604242832
Intensive...
Intensive + School...
Intensive + School + G20...
Intensive + School + G50...
Intensive + School + G100...
45: R0 = 1.90998927099924
Intensive...
Intensive + School...
Intensive + School + G20...
Intensive + School + G50...
Intensive + School + G100...
46: R0 = 2.95555814189842
Intensive...
Intensive + School...
Intensive + School + G20...
Intensive + School + G50...
Intensive + School + G100...
47: R0 = 2.10506302350642
Intensive...
Intensive + School...
Intensive + School + G20...
Intensive + School + G50...
Intensive + School + G100...
48: R0 = 2.93741417827882
Intensive...
Intensive + School...
Intensive + School + G20...
Intensive + School + G50...
Intensive + School + G100...
49: R0 = 2.83795785954773
Intensive...
Intensive + School...
Intensive + School + G20...
Intensive + School + G50...
Intensive + School + G100...
50: R0 = 2.48972166306948
Intensive...
Intensive + School...
Intensive + School + G20...
Intensive + School + G50...
Intensive + School + G100...
[1] "2020-04-05 13:38:43 BST"
